::1 - - [07/Jun/2026 15:23:56] "GET / HTTP/1.1" 200 -
::1 - - [07/Jun/2026 15:24:20] "GET / HTTP/1.1" 200 -
::1 - - [07/Jun/2026 15:24:20] "GET /styles.css HTTP/1.1" 304 -
::1 - - [07/Jun/2026 15:24:20] "GET /app.js?v=api-8002-20260605 HTTP/1.1" 200 -
::1 - - [07/Jun/2026 15:24:20] "GET /services/historyService.js HTTP/1.1" 304 -
::1 - - [07/Jun/2026 15:24:20] "GET /services/aiService.js HTTP/1.1" 304 -
::1 - - [07/Jun/2026 15:24:20] "GET /services/autopilotService.js HTTP/1.1" 304 -
::1 - - [07/Jun/2026 15:24:20] "GET /services/billingService.js HTTP/1.1" 200 -
::1 - - [07/Jun/2026 15:24:20] "GET /services/authService.js HTTP/1.1" 200 -
::1 - - [07/Jun/2026 15:24:20] "GET /services/documentBuilderService.js HTTP/1.1" 304 -
::1 - - [07/Jun/2026 15:24:20] "GET /services/exportService.js HTTP/1.1" 200 -
::1 - - [07/Jun/2026 15:24:20] "GET /services/templateService.js HTTP/1.1" 304 -
::1 - - [07/Jun/2026 15:24:20] "GET /services/tableBuilderService.js HTTP/1.1" 304 -
::1 - - [07/Jun/2026 15:24:20] "GET /services/adminService.js HTTP/1.1" 200 -
::1 - - [07/Jun/2026 15:24:20] "GET /services/fileService.js HTTP/1.1" 304 -
::1 - - [07/Jun/2026 15:24:20] "GET /services/config.js HTTP/1.1" 200 -
::1 - - [07/Jun/2026 15:24:21] code 404, message File not found
::1 - - [07/Jun/2026 15:24:21] "GET /favicon.ico HTTP/1.1" 404 -
::1 - - [07/Jun/2026 16:03:24] "GET / HTTP/1.1" 200 -
::1 - - [07/Jun/2026 16:05:22] "GET / HTTP/1.1" 200 -
::1 - - [07/Jun/2026 16:05:23] "GET /services/authService.js HTTP/1.1" 304 -
::1 - - [07/Jun/2026 16:05:23] "GET /services/config.js HTTP/1.1" 304 -
::1 - - [07/Jun/2026 16:07:29] "GET / HTTP/1.1" 304 -
::1 - - [07/Jun/2026 16:07:47] "GET / HTTP/1.1" 304 -
::1 - - [07/Jun/2026 16:22:59] "GET / HTTP/1.1" 200 -
::1 - - [07/Jun/2026 16:23:27] "GET / HTTP/1.1" 200 -
::1 - - [07/Jun/2026 16:28:58] code 404, message File not found
::1 - - [07/Jun/2026 16:28:58] "GET /.well-known/appspecific/com.chrome.devtools.json HTTP/1.1" 404 -
::ffff:127.0.0.1 - - [07/Jun/2026 16:52:22] "GET / HTTP/1.1" 200 -
::1 - - [07/Jun/2026 16:52:51] "GET / HTTP/1.1" 304 -
::1 - - [07/Jun/2026 16:52:51] "GET /services/authService.js HTTP/1.1" 304 -
::1 - - [07/Jun/2026 16:52:51] "GET /services/config.js HTTP/1.1" 304 -
::1 - - [07/Jun/2026 16:52:51] code 404, message File not found
::1 - - [07/Jun/2026 16:52:51] "GET /favicon.ico HTTP/1.1" 404 -
::ffff:127.0.0.1 - - [07/Jun/2026 17:17:37] "GET / HTTP/1.1" 200 -
::1 - - [07/Jun/2026 17:20:18] "GET / HTTP/1.1" 304 -
::1 - - [07/Jun/2026 17:20:18] "GET /app.js?v=api-8002-20260605 HTTP/1.1" 200 -
::1 - - [07/Jun/2026 17:20:18] "GET /services/billingService.js HTTP/1.1" 200 -
::1 - - [07/Jun/2026 17:20:18] "GET /services/adminService.js HTTP/1.1" 200 -
::1 - - [07/Jun/2026 17:20:18] "GET /services/exportService.js HTTP/1.1" 304 -
::ffff:127.0.0.1 - - [07/Jun/2026 17:48:09] "GET / HTTP/1.1" 200 -
::1 - - [07/Jun/2026 17:49:33] "GET / HTTP/1.1" 200 -
::1 - - [07/Jun/2026 17:49:33] "GET /app.js?v=api-8002-20260605 HTTP/1.1" 200 -
::1 - - [07/Jun/2026 17:49:33] "GET /services/billingService.js HTTP/1.1" 304 -
::1 - - [07/Jun/2026 17:49:33] "GET /services/adminService.js HTTP/1.1" 200 -
::1 - - [07/Jun/2026 17:49:33] "GET /services/authService.js HTTP/1.1" 304 -
::1 - - [07/Jun/2026 17:49:33] "GET /services/config.js HTTP/1.1" 304 -
::1 - - [07/Jun/2026 20:36:34] "GET / HTTP/1.1" 304 -
::1 - - [07/Jun/2026 20:36:34] "GET /app.js?v=api-8002-20260605 HTTP/1.1" 304 -
::1 - - [07/Jun/2026 20:36:35] "GET /services/billingService.js HTTP/1.1" 304 -
::1 - - [07/Jun/2026 20:36:35] "GET /services/adminService.js HTTP/1.1" 304 -
::1 - - [07/Jun/2026 20:36:35] "GET /services/authService.js HTTP/1.1" 304 -
::1 - - [07/Jun/2026 20:36:35] "GET /services/exportService.js HTTP/1.1" 304 -
::1 - - [07/Jun/2026 20:36:35] "GET /services/config.js HTTP/1.1" 304 -
::ffff:127.0.0.1 - - [07/Jun/2026 20:51:46] "GET / HTTP/1.1" 200 -
::1 - - [07/Jun/2026 20:52:50] "GET / HTTP/1.1" 200 -
::1 - - [07/Jun/2026 20:52:51] "GET /services/aiService.js HTTP/1.1" 304 -
::1 - - [07/Jun/2026 20:54:24] code 404, message File not found
::1 - - [07/Jun/2026 20:54:24] "GET /.well-known/appspecific/com.chrome.devtools.json HTTP/1.1" 404 -
::1 - - [07/Jun/2026 20:55:07] "GET / HTTP/1.1" 200 -
::1 - - [07/Jun/2026 20:55:07] "GET /styles.css HTTP/1.1" 200 -
::1 - - [07/Jun/2026 20:55:07] "GET /app.js?v=api-8002-20260605 HTTP/1.1" 200 -
::1 - - [07/Jun/2026 20:55:07] code 404, message File not found
::1 - - [07/Jun/2026 20:55:07] "GET /.well-known/appspecific/com.chrome.devtools.json HTTP/1.1" 404 -
::1 - - [07/Jun/2026 20:55:07] "GET /services/fileService.js HTTP/1.1" 200 -
::1 - - [07/Jun/2026 20:55:07] "GET /services/aiService.js HTTP/1.1" 200 -
::1 - - [07/Jun/2026 20:55:07] "GET /services/billingService.js HTTP/1.1" 200 -
::1 - - [07/Jun/2026 20:55:07] "GET /services/adminService.js HTTP/1.1" 200 -
::1 - - [07/Jun/2026 20:55:07] "GET /services/historyService.js HTTP/1.1" 200 -
::1 - - [07/Jun/2026 20:55:07] "GET /services/autopilotService.js HTTP/1.1" 200 -
::1 - - [07/Jun/2026 20:55:07] "GET /services/tableBuilderService.js HTTP/1.1" 200 -
::1 - - [07/Jun/2026 20:55:07] "GET /services/documentBuilderService.js HTTP/1.1" 200 -
::1 - - [07/Jun/2026 20:55:07] "GET /services/authService.js HTTP/1.1" 200 -
::1 - - [07/Jun/2026 20:55:07] "GET /services/templateService.js HTTP/1.1" 200 -
::1 - - [07/Jun/2026 20:55:07] "GET /services/exportService.js HTTP/1.1" 200 -
::1 - - [07/Jun/2026 20:55:07] "GET /services/config.js HTTP/1.1" 200 -
::1 - - [07/Jun/2026 20:55:08] code 404, message File not found
::1 - - [07/Jun/2026 20:55:08] "GET /favicon.ico HTTP/1.1" 404 -
::1 - - [07/Jun/2026 20:59:09] "GET / HTTP/1.1" 200 -
::1 - - [07/Jun/2026 20:59:09] "GET /styles.css HTTP/1.1" 200 -
::1 - - [07/Jun/2026 20:59:09] "GET /app.js?v=api-8002-20260605 HTTP/1.1" 200 -
::1 - - [07/Jun/2026 20:59:09] "GET /services/fileService.js HTTP/1.1" 200 -
::1 - - [07/Jun/2026 20:59:10] "GET /services/billingService.js HTTP/1.1" 200 -
::1 - - [07/Jun/2026 20:59:10] "GET /services/aiService.js HTTP/1.1" 200 -
::1 - - [07/Jun/2026 20:59:10] "GET /services/adminService.js HTTP/1.1" 200 -
::1 - - [07/Jun/2026 20:59:10] "GET /services/historyService.js HTTP/1.1" 200 -
::1 - - [07/Jun/2026 20:59:10] "GET /services/autopilotService.js HTTP/1.1" 200 -
::1 - - [07/Jun/2026 20:59:10] "GET /services/tableBuilderService.js HTTP/1.1" 200 -
::1 - - [07/Jun/2026 20:59:10] "GET /services/documentBuilderService.js HTTP/1.1" 200 -
::1 - - [07/Jun/2026 20:59:10] "GET /services/authService.js HTTP/1.1" 200 -
::1 - - [07/Jun/2026 20:59:10] "GET /services/templateService.js HTTP/1.1" 200 -
::1 - - [07/Jun/2026 20:59:10] "GET /services/exportService.js HTTP/1.1" 200 -
::1 - - [07/Jun/2026 20:59:10] "GET /services/config.js HTTP/1.1" 200 -
::1 - - [07/Jun/2026 21:01:17] code 404, message File not found
::1 - - [07/Jun/2026 21:01:17] "GET /.well-known/appspecific/com.chrome.devtools.json HTTP/1.1" 404 -
::1 - - [07/Jun/2026 21:05:24] code 404, message File not found
::1 - - [07/Jun/2026 21:05:24] "GET /.well-known/appspecific/com.chrome.devtools.json HTTP/1.1" 404 -
::1 - - [07/Jun/2026 21:07:16] code 404, message File not found
::1 - - [07/Jun/2026 21:07:16] "GET /.well-known/appspecific/com.chrome.devtools.json HTTP/1.1" 404 -
::ffff:127.0.0.1 - - [07/Jun/2026 21:13:07] "GET /index.html HTTP/1.1" 200 -
::ffff:127.0.0.1 - - [07/Jun/2026 21:13:47] "GET /index.html HTTP/1.1" 200 -
::ffff:127.0.0.1 - - [07/Jun/2026 21:17:02] "GET /index.html HTTP/1.1" 200 -
::ffff:127.0.0.1 - - [07/Jun/2026 21:17:46] "GET /index.html HTTP/1.1" 200 -
::1 - - [07/Jun/2026 21:24:49] "GET / HTTP/1.1" 200 -
::1 - - [07/Jun/2026 21:24:49] "GET /styles.css HTTP/1.1" 200 -
::1 - - [07/Jun/2026 21:24:49] "GET /app.js?v=admin-buttons-20260607-2 HTTP/1.1" 200 -
::1 - - [07/Jun/2026 21:24:50] "GET /services/fileService.js HTTP/1.1" 200 -
::1 - - [07/Jun/2026 21:24:50] "GET /services/aiService.js HTTP/1.1" 200 -
::1 - - [07/Jun/2026 21:24:50] "GET /services/adminService.js HTTP/1.1" 200 -
::1 - - [07/Jun/2026 21:24:50] "GET /services/billingService.js HTTP/1.1" 200 -
::1 - - [07/Jun/2026 21:24:50] "GET /services/autopilotService.js HTTP/1.1" 200 -
::1 - - [07/Jun/2026 21:24:50] "GET /services/historyService.js HTTP/1.1" 200 -
::1 - - [07/Jun/2026 21:24:50] "GET /services/tableBuilderService.js HTTP/1.1" 200 -
::1 - - [07/Jun/2026 21:24:50] "GET /services/documentBuilderService.js HTTP/1.1" 200 -
::1 - - [07/Jun/2026 21:24:50] "GET /services/authService.js HTTP/1.1" 200 -
::1 - - [07/Jun/2026 21:24:50] "GET /services/templateService.js HTTP/1.1" 200 -
::1 - - [07/Jun/2026 21:24:50] "GET /services/exportService.js HTTP/1.1" 200 -
::1 - - [07/Jun/2026 21:24:50] "GET /services/config.js HTTP/1.1" 200 -
::1 - - [07/Jun/2026 21:24:50] code 404, message File not found
::1 - - [07/Jun/2026 21:24:50] "GET /favicon.ico HTTP/1.1" 404 -
::ffff:127.0.0.1 - - [07/Jun/2026 21:44:35] "GET /index.html HTTP/1.1" 200 -
::ffff:127.0.0.1 - - [07/Jun/2026 21:58:07] "GET /index.html HTTP/1.1" 200 -
::1 - - [07/Jun/2026 21:59:16] "GET / HTTP/1.1" 200 -
::1 - - [07/Jun/2026 21:59:17] "GET /app.js?v=admin-buttons-20260607-2 HTTP/1.1" 200 -
::1 - - [07/Jun/2026 21:59:17] "GET /styles.css HTTP/1.1" 200 -
::1 - - [07/Jun/2026 21:59:18] "GET /services/fileService.js HTTP/1.1" 200 -
::1 - - [07/Jun/2026 21:59:18] "GET /services/aiService.js HTTP/1.1" 200 -
::1 - - [07/Jun/2026 21:59:18] "GET /services/adminService.js HTTP/1.1" 200 -
::1 - - [07/Jun/2026 21:59:18] "GET /services/billingService.js HTTP/1.1" 200 -
::1 - - [07/Jun/2026 21:59:18] "GET /services/historyService.js HTTP/1.1" 200 -
::1 - - [07/Jun/2026 21:59:19] "GET /services/autopilotService.js HTTP/1.1" 200 -
::1 - - [07/Jun/2026 21:59:19] "GET /services/tableBuilderService.js HTTP/1.1" 200 -
::1 - - [07/Jun/2026 21:59:19] "GET /services/documentBuilderService.js HTTP/1.1" 200 -
::1 - - [07/Jun/2026 21:59:19] "GET /services/authService.js HTTP/1.1" 200 -
::1 - - [07/Jun/2026 21:59:20] "GET /services/templateService.js HTTP/1.1" 200 -
::ffff:127.0.0.1 - - [07/Jun/2026 21:59:20] "GET /services/exportService.js HTTP/1.1" 200 -
::1 - - [07/Jun/2026 21:59:20] "GET /services/config.js HTTP/1.1" 200 -
::1 - - [07/Jun/2026 21:59:32] code 404, message File not found
::1 - - [07/Jun/2026 21:59:32] "GET /favicon.ico HTTP/1.1" 404 -
::1 - - [07/Jun/2026 23:06:26] "GET / HTTP/1.1" 200 -
::1 - - [07/Jun/2026 23:06:26] "GET /styles.css HTTP/1.1" 200 -
::1 - - [07/Jun/2026 23:06:26] "GET /app.js?v=admin-buttons-20260607-2 HTTP/1.1" 200 -
::1 - - [07/Jun/2026 23:06:27] "GET /services/adminService.js HTTP/1.1" 200 -
::1 - - [07/Jun/2026 23:06:27] "GET /services/billingService.js HTTP/1.1" 200 -
::1 - - [07/Jun/2026 23:06:27] "GET /services/historyService.js HTTP/1.1" 200 -
::1 - - [07/Jun/2026 23:06:27] "GET /services/aiService.js HTTP/1.1" 200 -
::1 - - [07/Jun/2026 23:06:27] "GET /services/fileService.js HTTP/1.1" 200 -
::1 - - [07/Jun/2026 23:06:27] "GET /services/autopilotService.js HTTP/1.1" 200 -
::1 - - [07/Jun/2026 23:06:27] "GET /services/tableBuilderService.js HTTP/1.1" 200 -
::1 - - [07/Jun/2026 23:06:27] "GET /services/documentBuilderService.js HTTP/1.1" 200 -
::1 - - [07/Jun/2026 23:06:27] "GET /services/authService.js HTTP/1.1" 200 -
::1 - - [07/Jun/2026 23:06:27] "GET /services/exportService.js HTTP/1.1" 200 -
::1 - - [07/Jun/2026 23:06:27] "GET /services/templateService.js HTTP/1.1" 200 -
::1 - - [07/Jun/2026 23:06:27] "GET /services/config.js HTTP/1.1" 200 -
::1 - - [07/Jun/2026 23:06:27] code 404, message File not found
::1 - - [07/Jun/2026 23:06:27] "GET /favicon.ico HTTP/1.1" 404 -
::ffff:127.0.0.1 - - [08/Jun/2026 09:45:04] "GET / HTTP/1.1" 200 -
::ffff:127.0.0.1 - - [08/Jun/2026 09:53:42] "GET / HTTP/1.1" 200 -
::1 - - [08/Jun/2026 10:31:34] "GET / HTTP/1.1" 200 -
::1 - - [08/Jun/2026 10:31:34] "GET /styles.css HTTP/1.1" 200 -
::1 - - [08/Jun/2026 10:31:34] "GET /app.js?v=admin-buttons-20260607-2 HTTP/1.1" 200 -
::1 - - [08/Jun/2026 10:31:35] "GET /services/fileService.js HTTP/1.1" 200 -
::1 - - [08/Jun/2026 10:31:35] "GET /services/aiService.js HTTP/1.1" 200 -
::1 - - [08/Jun/2026 10:31:35] "GET /services/billingService.js HTTP/1.1" 200 -
::1 - - [08/Jun/2026 10:31:35] "GET /services/adminService.js HTTP/1.1" 200 -
::1 - - [08/Jun/2026 10:31:35] "GET /services/historyService.js HTTP/1.1" 200 -
::1 - - [08/Jun/2026 10:31:35] "GET /services/autopilotService.js HTTP/1.1" 200 -
::1 - - [08/Jun/2026 10:31:35] "GET /services/tableBuilderService.js HTTP/1.1" 200 -
::1 - - [08/Jun/2026 10:31:35] "GET /services/documentBuilderService.js HTTP/1.1" 200 -
::1 - - [08/Jun/2026 10:31:35] "GET /services/authService.js HTTP/1.1" 200 -
::1 - - [08/Jun/2026 10:31:35] "GET /services/templateService.js HTTP/1.1" 200 -
::1 - - [08/Jun/2026 10:31:35] "GET /services/exportService.js HTTP/1.1" 200 -
::1 - - [08/Jun/2026 10:31:35] "GET /services/config.js HTTP/1.1" 200 -
::1 - - [08/Jun/2026 10:32:12] code 404, message File not found
::1 - - [08/Jun/2026 10:32:12] "GET /.well-known/appspecific/com.chrome.devtools.json HTTP/1.1" 404 -
::1 - - [08/Jun/2026 10:46:10] "GET / HTTP/1.1" 304 -
::1 - - [08/Jun/2026 10:46:10] "GET /app.js?v=admin-buttons-20260607-2 HTTP/1.1" 304 -
::1 - - [08/Jun/2026 10:46:10] code 404, message File not found
::1 - - [08/Jun/2026 10:46:10] "GET /.well-known/appspecific/com.chrome.devtools.json HTTP/1.1" 404 -
::1 - - [08/Jun/2026 10:46:10] "GET /services/adminService.js HTTP/1.1" 200 -
::1 - - [08/Jun/2026 10:46:12] "GET / HTTP/1.1" 304 -
::1 - - [08/Jun/2026 10:46:12] code 404, message File not found
::1 - - [08/Jun/2026 10:46:12] "GET /.well-known/appspecific/com.chrome.devtools.json HTTP/1.1" 404 -
::1 - - [08/Jun/2026 10:46:12] "GET / HTTP/1.1" 304 -
::1 - - [08/Jun/2026 10:46:12] code 404, message File not found
::1 - - [08/Jun/2026 10:46:12] "GET /.well-known/appspecific/com.chrome.devtools.json HTTP/1.1" 404 -
::1 - - [08/Jun/2026 10:46:13] "GET / HTTP/1.1" 304 -
::1 - - [08/Jun/2026 10:46:13] code 404, message File not found
::1 - - [08/Jun/2026 10:46:13] "GET /.well-known/appspecific/com.chrome.devtools.json HTTP/1.1" 404 -
::1 - - [08/Jun/2026 10:46:13] "GET / HTTP/1.1" 304 -
::1 - - [08/Jun/2026 10:46:13] code 404, message File not found
::1 - - [08/Jun/2026 10:46:13] "GET /.well-known/appspecific/com.chrome.devtools.json HTTP/1.1" 404 -
::1 - - [08/Jun/2026 10:46:13] "GET / HTTP/1.1" 304 -
::1 - - [08/Jun/2026 10:46:13] code 404, message File not found
::1 - - [08/Jun/2026 10:46:13] "GET /.well-known/appspecific/com.chrome.devtools.json HTTP/1.1" 404 -
::1 - - [08/Jun/2026 10:46:14] "GET / HTTP/1.1" 304 -
::1 - - [08/Jun/2026 10:46:14] code 404, message File not found
::1 - - [08/Jun/2026 10:46:14] "GET /.well-known/appspecific/com.chrome.devtools.json HTTP/1.1" 404 -
::1 - - [08/Jun/2026 10:46:14] "GET / HTTP/1.1" 304 -
::1 - - [08/Jun/2026 10:46:14] code 404, message File not found
::1 - - [08/Jun/2026 10:46:14] "GET /.well-known/appspecific/com.chrome.devtools.json HTTP/1.1" 404 -
::1 - - [08/Jun/2026 10:46:14] "GET / HTTP/1.1" 304 -
::1 - - [08/Jun/2026 10:46:14] code 404, message File not found
::1 - - [08/Jun/2026 10:46:14] "GET /.well-known/appspecific/com.chrome.devtools.json HTTP/1.1" 404 -
::1 - - [08/Jun/2026 11:14:45] "GET / HTTP/1.1" 304 -
::1 - - [08/Jun/2026 11:14:45] "GET /app.js?v=admin-buttons-20260607-2 HTTP/1.1" 200 -
::1 - - [08/Jun/2026 11:14:45] "GET /services/adminService.js HTTP/1.1" 200 -
::1 - - [08/Jun/2026 11:27:45] "GET / HTTP/1.1" 200 -
::1 - - [08/Jun/2026 11:27:45] "GET /styles.css HTTP/1.1" 200 -
::1 - - [08/Jun/2026 11:27:45] "GET /app.js?v=admin-buttons-20260607-2 HTTP/1.1" 200 -
::1 - - [08/Jun/2026 11:27:46] "GET /services/fileService.js HTTP/1.1" 200 -
::1 - - [08/Jun/2026 11:27:46] "GET /services/aiService.js HTTP/1.1" 200 -
::1 - - [08/Jun/2026 11:27:46] "GET /services/billingService.js HTTP/1.1" 200 -
::1 - - [08/Jun/2026 11:27:46] "GET /services/adminService.js HTTP/1.1" 200 -
::1 - - [08/Jun/2026 11:27:46] "GET /services/historyService.js HTTP/1.1" 200 -
::1 - - [08/Jun/2026 11:27:46] "GET /services/tableBuilderService.js HTTP/1.1" 200 -
::1 - - [08/Jun/2026 11:27:46] "GET /services/autopilotService.js HTTP/1.1" 200 -
::1 - - [08/Jun/2026 11:27:46] "GET /services/documentBuilderService.js HTTP/1.1" 200 -
::1 - - [08/Jun/2026 11:27:46] "GET /services/authService.js HTTP/1.1" 200 -
::1 - - [08/Jun/2026 11:27:46] "GET /services/templateService.js HTTP/1.1" 200 -
::1 - - [08/Jun/2026 11:27:46] "GET /services/exportService.js HTTP/1.1" 200 -
::1 - - [08/Jun/2026 11:27:46] "GET /services/config.js HTTP/1.1" 200 -
::1 - - [08/Jun/2026 13:48:43] "GET /styles.css HTTP/1.1" 304 -
::1 - - [08/Jun/2026 13:48:43] code 404, message File not found
::1 - - [08/Jun/2026 13:48:43] "GET /.well-known/appspecific/com.chrome.devtools.json HTTP/1.1" 404 -
::1 - - [08/Jun/2026 13:51:52] "GET / HTTP/1.1" 304 -
::1 - - [08/Jun/2026 13:51:52] code 404, message File not found
::1 - - [08/Jun/2026 13:51:52] "GET /.well-known/appspecific/com.chrome.devtools.json HTTP/1.1" 404 -
::1 - - [08/Jun/2026 13:51:53] "GET /app.js?v=admin-buttons-20260607-2 HTTP/1.1" 304 -
::1 - - [08/Jun/2026 13:51:53] "GET /services/templateService.js HTTP/1.1" 304 -
::1 - - [08/Jun/2026 13:51:53] "GET /services/billingService.js HTTP/1.1" 304 -
::1 - - [08/Jun/2026 13:51:53] "GET /services/adminService.js HTTP/1.1" 304 -
::1 - - [08/Jun/2026 14:38:27] "GET /app.js HTTP/1.1" 200 -
::1 - - [08/Jun/2026 14:38:27] "GET /index.html HTTP/1.1" 200 -
::1 - - [08/Jun/2026 14:39:31] "GET /index.html HTTP/1.1" 200 -
::1 - - [08/Jun/2026 14:42:05] "GET / HTTP/1.1" 200 -
::1 - - [08/Jun/2026 14:42:05] "GET /app.js?v=admin-buttons-20260607-2 HTTP/1.1" 200 -
::1 - - [08/Jun/2026 14:42:05] "GET /services/adminService.js HTTP/1.1" 304 -
::1 - - [08/Jun/2026 14:42:05] "GET /services/authService.js HTTP/1.1" 304 -
::1 - - [08/Jun/2026 14:42:05] "GET /services/config.js HTTP/1.1" 304 -
::1 - - [08/Jun/2026 14:43:04] "GET / HTTP/1.1" 304 -
::1 - - [08/Jun/2026 14:43:04] "GET /app.js?v=admin-buttons-20260607-2 HTTP/1.1" 304 -
::1 - - [08/Jun/2026 14:51:39] "GET / HTTP/1.1" 200 -
::1 - - [08/Jun/2026 14:51:39] "GET /app.js?v=admin-buttons-20260607-2 HTTP/1.1" 304 -
::1 - - [08/Jun/2026 14:55:33] "GET / HTTP/1.1" 200 -
::1 - - [08/Jun/2026 14:55:33] "GET /app.js?v=admin-buttons-20260607-2 HTTP/1.1" 200 -
::1 - - [08/Jun/2026 14:56:09] "GET / HTTP/1.1" 304 -
::1 - - [08/Jun/2026 14:56:09] "GET /app.js?v=admin-buttons-20260607-2 HTTP/1.1" 304 -
::1 - - [08/Jun/2026 14:56:10] "GET / HTTP/1.1" 304 -
::1 - - [08/Jun/2026 14:56:10] "GET / HTTP/1.1" 304 -
::1 - - [08/Jun/2026 14:56:10] "GET / HTTP/1.1" 304 -
::1 - - [08/Jun/2026 14:56:11] "GET / HTTP/1.1" 304 -
::1 - - [08/Jun/2026 14:56:11] "GET / HTTP/1.1" 304 -
::1 - - [08/Jun/2026 14:56:11] "GET / HTTP/1.1" 304 -
::1 - - [08/Jun/2026 14:56:11] "GET / HTTP/1.1" 304 -
::1 - - [08/Jun/2026 15:00:58] "GET / HTTP/1.1" 200 -
::1 - - [08/Jun/2026 15:00:58] "GET /app.js?v=admin-buttons-20260607-2 HTTP/1.1" 200 -
::1 - - [08/Jun/2026 15:00:59] "GET / HTTP/1.1" 304 -
::1 - - [08/Jun/2026 15:00:59] "GET / HTTP/1.1" 304 -
::1 - - [08/Jun/2026 15:00:59] "GET / HTTP/1.1" 304 -
::1 - - [08/Jun/2026 15:01:00] "GET / HTTP/1.1" 304 -
::1 - - [08/Jun/2026 15:01:00] "GET / HTTP/1.1" 200 -
::1 - - [08/Jun/2026 15:07:51] "GET / HTTP/1.1" 200 -
::1 - - [08/Jun/2026 15:07:51] "GET /app.js?v=admin-buttons-20260607-2 HTTP/1.1" 200 -
::1 - - [08/Jun/2026 15:07:51] "GET /services/adminService.js HTTP/1.1" 304 -
::1 - - [08/Jun/2026 15:07:51] "GET /services/exportService.js HTTP/1.1" 304 -
::1 - - [08/Jun/2026 15:13:33] "GET / HTTP/1.1" 200 -
::1 - - [08/Jun/2026 15:13:33] "GET /app.js?v=admin-buttons-20260607-2 HTTP/1.1" 200 -
::1 - - [08/Jun/2026 15:14:01] code 404, message File not found
::1 - - [08/Jun/2026 15:14:01] "GET /.well-known/appspecific/com.chrome.devtools.json HTTP/1.1" 404 -
::1 - - [08/Jun/2026 15:22:37] "GET / HTTP/1.1" 200 -
::1 - - [08/Jun/2026 15:22:37] "GET /styles.css HTTP/1.1" 200 -
::1 - - [08/Jun/2026 15:22:37] "GET /app.js?v=admin-buttons-20260607-2 HTTP/1.1" 200 -
::1 - - [08/Jun/2026 15:22:37] code 404, message File not found
::1 - - [08/Jun/2026 15:22:37] "GET /.well-known/appspecific/com.chrome.devtools.json HTTP/1.1" 404 -
::1 - - [08/Jun/2026 15:26:12] "GET / HTTP/1.1" 304 -
::1 - - [08/Jun/2026 15:26:12] "GET /styles.css HTTP/1.1" 304 -
::1 - - [08/Jun/2026 15:26:12] "GET /app.js?v=admin-buttons-20260607-2 HTTP/1.1" 304 -
::1 - - [08/Jun/2026 15:36:32] "GET / HTTP/1.1" 304 -
::1 - - [08/Jun/2026 15:36:32] "GET /styles.css HTTP/1.1" 304 -
::1 - - [08/Jun/2026 15:36:32] "GET /app.js?v=admin-buttons-20260607-2 HTTP/1.1" 304 -
::1 - - [08/Jun/2026 15:36:32] "GET /services/adminService.js HTTP/1.1" 304 -
::1 - - [08/Jun/2026 15:37:39] code 404, message File not found
::1 - - [08/Jun/2026 15:37:39] "GET /.well-known/appspecific/com.chrome.devtools.json HTTP/1.1" 404 -
::1 - - [08/Jun/2026 15:39:35] "GET / HTTP/1.1" 304 -
::1 - - [08/Jun/2026 15:39:36] "GET /styles.css HTTP/1.1" 304 -
::1 - - [08/Jun/2026 15:39:36] "GET /app.js?v=admin-buttons-20260607-2 HTTP/1.1" 304 -
::1 - - [08/Jun/2026 16:02:18] "GET / HTTP/1.1" 200 -
::1 - - [08/Jun/2026 16:02:18] "GET /styles.css HTTP/1.1" 200 -
::1 - - [08/Jun/2026 16:02:18] "GET /app.js?v=admin-buttons-20260607-2 HTTP/1.1" 200 -
::1 - - [08/Jun/2026 16:02:18] "GET /services/templateService.js HTTP/1.1" 304 -
::1 - - [08/Jun/2026 16:10:38] "GET / HTTP/1.1" 200 -
::1 - - [08/Jun/2026 16:10:38] "GET /styles.css HTTP/1.1" 200 -
::1 - - [08/Jun/2026 16:10:38] "GET /app.js?v=admin-buttons-20260607-2 HTTP/1.1" 304 -
::1 - - [08/Jun/2026 16:10:38] "GET /services/billingService.js HTTP/1.1" 304 -
::1 - - [08/Jun/2026 16:10:38] "GET /services/adminService.js HTTP/1.1" 304 -
::1 - - [08/Jun/2026 16:18:45] "GET / HTTP/1.1" 304 -
::1 - - [08/Jun/2026 16:18:45] "GET /styles.css HTTP/1.1" 304 -
::1 - - [08/Jun/2026 16:18:45] "GET /app.js?v=admin-buttons-20260607-2 HTTP/1.1" 304 -
::1 - - [08/Jun/2026 16:21:14] "GET / HTTP/1.1" 304 -
::1 - - [08/Jun/2026 16:21:15] "GET /styles.css HTTP/1.1" 304 -
::1 - - [08/Jun/2026 16:21:15] "GET /app.js?v=admin-buttons-20260607-2 HTTP/1.1" 304 -
::1 - - [08/Jun/2026 16:23:23] "GET / HTTP/1.1" 304 -
::1 - - [08/Jun/2026 16:23:23] "GET /styles.css HTTP/1.1" 304 -
::1 - - [08/Jun/2026 16:25:24] "GET / HTTP/1.1" 304 -
::1 - - [08/Jun/2026 16:25:24] "GET /styles.css HTTP/1.1" 304 -
::1 - - [08/Jun/2026 16:25:24] "GET /app.js?v=admin-buttons-20260607-2 HTTP/1.1" 304 -
::1 - - [08/Jun/2026 16:28:51] "GET / HTTP/1.1" 304 -
::1 - - [08/Jun/2026 16:28:51] "GET /styles.css HTTP/1.1" 304 -
::1 - - [08/Jun/2026 16:28:51] "GET /app.js?v=admin-buttons-20260607-2 HTTP/1.1" 304 -
::1 - - [08/Jun/2026 16:32:08] "GET / HTTP/1.1" 304 -
::1 - - [08/Jun/2026 16:32:09] "GET /styles.css HTTP/1.1" 304 -
::1 - - [08/Jun/2026 16:32:09] "GET /app.js?v=admin-buttons-20260607-2 HTTP/1.1" 304 -
::1 - - [08/Jun/2026 16:46:05] "GET / HTTP/1.1" 304 -
::1 - - [08/Jun/2026 16:46:05] "GET /styles.css HTTP/1.1" 200 -
::1 - - [08/Jun/2026 16:46:05] "GET /app.js?v=admin-buttons-20260607-2 HTTP/1.1" 304 -
::1 - - [08/Jun/2026 16:46:05] "GET /services/adminService.js HTTP/1.1" 304 -
::1 - - [08/Jun/2026 17:24:51] "HEAD / HTTP/1.1" 200 -
::1 - - [08/Jun/2026 17:24:51] "GET / HTTP/1.1" 200 -
::1 - - [08/Jun/2026 17:25:31] "GET / HTTP/1.1" 200 -
::1 - - [08/Jun/2026 17:25:31] "GET /styles.css HTTP/1.1" 200 -
::1 - - [08/Jun/2026 17:25:31] "GET /app.js HTTP/1.1" 200 -
::1 - - [08/Jun/2026 17:25:32] "GET /services/fileService.js HTTP/1.1" 200 -
::1 - - [08/Jun/2026 17:25:32] "GET /services/aiService.js HTTP/1.1" 200 -
::1 - - [08/Jun/2026 17:25:32] "GET /services/billingService.js HTTP/1.1" 200 -
::1 - - [08/Jun/2026 17:25:32] "GET /services/historyService.js HTTP/1.1" 200 -
::1 - - [08/Jun/2026 17:25:32] "GET /services/adminService.js HTTP/1.1" 200 -
::1 - - [08/Jun/2026 17:25:32] "GET /services/autopilotService.js HTTP/1.1" 200 -
::1 - - [08/Jun/2026 17:25:32] "GET /services/tableBuilderService.js HTTP/1.1" 200 -
::1 - - [08/Jun/2026 17:25:32] "GET /services/documentBuilderService.js HTTP/1.1" 200 -
::1 - - [08/Jun/2026 17:25:32] "GET /services/templateService.js HTTP/1.1" 200 -
::1 - - [08/Jun/2026 17:25:32] "GET /services/exportService.js HTTP/1.1" 200 -
::1 - - [08/Jun/2026 17:25:32] "GET /services/authService.js HTTP/1.1" 200 -
::1 - - [08/Jun/2026 17:25:32] "GET /services/config.js HTTP/1.1" 200 -
::1 - - [08/Jun/2026 17:25:50] "GET / HTTP/1.1" 304 -
::1 - - [08/Jun/2026 17:25:50] "GET /app.js HTTP/1.1" 304 -
::1 - - [08/Jun/2026 17:26:51] "GET / HTTP/1.1" 304 -
::1 - - [08/Jun/2026 17:26:51] "GET /app.js HTTP/1.1" 304 -
::1 - - [08/Jun/2026 17:26:51] "GET /services/tableBuilderService.js HTTP/1.1" 304 -
::1 - - [08/Jun/2026 17:26:51] "GET /services/documentBuilderService.js HTTP/1.1" 304 -
::1 - - [08/Jun/2026 17:26:51] "GET /services/templateService.js HTTP/1.1" 304 -
::1 - - [08/Jun/2026 17:26:51] "GET / HTTP/1.1" 304 -
::1 - - [08/Jun/2026 17:26:52] "GET / HTTP/1.1" 304 -
::1 - - [08/Jun/2026 17:26:52] "GET / HTTP/1.1" 304 -
::1 - - [08/Jun/2026 17:26:53] "GET / HTTP/1.1" 304 -
::1 - - [08/Jun/2026 17:27:35] "GET / HTTP/1.1" 304 -
::1 - - [08/Jun/2026 17:27:35] "GET /app.js HTTP/1.1" 304 -
::1 - - [08/Jun/2026 17:27:36] "GET / HTTP/1.1" 304 -
::1 - - [08/Jun/2026 17:27:37] "GET / HTTP/1.1" 304 -
::1 - - [08/Jun/2026 17:27:38] "GET / HTTP/1.1" 304 -
::1 - - [08/Jun/2026 17:29:49] "GET / HTTP/1.1" 200 -
::1 - - [08/Jun/2026 17:29:49] "GET /styles.css HTTP/1.1" 304 -
::1 - - [08/Jun/2026 17:29:49] "GET /app.js HTTP/1.1" 304 -
::1 - - [08/Jun/2026 17:29:49] "GET /services/tableBuilderService.js HTTP/1.1" 304 -
::1 - - [08/Jun/2026 17:29:49] "GET /services/documentBuilderService.js HTTP/1.1" 304 -
::1 - - [08/Jun/2026 17:29:49] "GET /services/templateService.js HTTP/1.1" 304 -
::1 - - [08/Jun/2026 17:30:11] code 404, message File not found
::1 - - [08/Jun/2026 17:30:11] "GET /.well-known/appspecific/com.chrome.devtools.json HTTP/1.1" 404 -
::1 - - [08/Jun/2026 18:10:01] "GET / HTTP/1.1" 200 -
::1 - - [08/Jun/2026 18:10:01] "GET /styles.css HTTP/1.1" 200 -
::1 - - [08/Jun/2026 18:10:01] "GET /app.js HTTP/1.1" 200 -
::1 - - [08/Jun/2026 18:10:01] "GET /services/aiService.js HTTP/1.1" 304 -
::1 - - [08/Jun/2026 18:10:01] "GET /services/billingService.js HTTP/1.1" 304 -
::1 - - [08/Jun/2026 18:10:01] "GET /services/adminService.js HTTP/1.1" 304 -
::1 - - [08/Jun/2026 18:10:01] "GET /services/templateService.js HTTP/1.1" 200 -
::1 - - [08/Jun/2026 18:10:01] "GET /services/authService.js HTTP/1.1" 304 -
::1 - - [08/Jun/2026 18:10:01] "GET /services/exportService.js HTTP/1.1" 304 -
::1 - - [08/Jun/2026 18:10:01] "GET /services/config.js HTTP/1.1" 304 -
::ffff:127.0.0.1 - - [08/Jun/2026 18:14:15] "GET / HTTP/1.1" 200 -
::1 - - [08/Jun/2026 18:16:01] "GET / HTTP/1.1" 304 -
::1 - - [08/Jun/2026 18:16:01] "GET /app.js HTTP/1.1" 200 -
::1 - - [08/Jun/2026 18:16:01] "GET /services/templateService.js HTTP/1.1" 304 -
::1 - - [08/Jun/2026 18:17:34] "GET /assets/images/templates/employee_payroll.png HTTP/1.1" 200 -
::1 - - [08/Jun/2026 18:17:34] "GET /assets/images/templates/revenue_report.png HTTP/1.1" 200 -
::1 - - [08/Jun/2026 18:17:34] "GET /assets/images/templates/inventory_management.png HTTP/1.1" 200 -
::1 - - [08/Jun/2026 18:17:34] "GET /assets/images/templates/project_plan.png HTTP/1.1" 200 -
::1 - - [08/Jun/2026 18:17:34] "GET /assets/images/templates/expense_report.png HTTP/1.1" 200 -
::1 - - [08/Jun/2026 18:17:34] "GET /assets/images/templates/crm_customer.png HTTP/1.1" 200 -
::1 - - [09/Jun/2026 09:23:10] "GET / HTTP/1.1" 304 -
::1 - - [09/Jun/2026 09:23:10] "GET /styles.css HTTP/1.1" 304 -
::1 - - [09/Jun/2026 09:23:10] "GET /app.js HTTP/1.1" 304 -
::1 - - [09/Jun/2026 09:23:11] "GET /services/fileService.js HTTP/1.1" 200 -
::1 - - [09/Jun/2026 09:23:11] "GET /services/billingService.js HTTP/1.1" 304 -
::1 - - [09/Jun/2026 09:23:11] "GET /services/aiService.js HTTP/1.1" 304 -
::1 - - [09/Jun/2026 09:23:11] "GET /services/adminService.js HTTP/1.1" 304 -
::1 - - [09/Jun/2026 09:23:11] "GET /services/historyService.js HTTP/1.1" 304 -
::1 - - [09/Jun/2026 09:23:11] "GET /services/tableBuilderService.js HTTP/1.1" 200 -
::1 - - [09/Jun/2026 09:23:11] "GET /services/documentBuilderService.js HTTP/1.1" 200 -
::1 - - [09/Jun/2026 09:23:11] "GET /services/autopilotService.js HTTP/1.1" 304 -
::1 - - [09/Jun/2026 09:23:11] "GET /services/authService.js HTTP/1.1" 304 -
::1 - - [09/Jun/2026 09:23:11] "GET /services/templateService.js HTTP/1.1" 304 -
::1 - - [09/Jun/2026 09:23:11] "GET /services/exportService.js HTTP/1.1" 304 -
::1 - - [09/Jun/2026 09:23:11] "GET /services/config.js HTTP/1.1" 304 -
::1 - - [09/Jun/2026 09:29:54] "GET / HTTP/1.1" 200 -
::ffff:127.0.0.1 - - [09/Jun/2026 09:33:01] "GET / HTTP/1.1" 200 -
::1 - - [09/Jun/2026 09:34:23] "GET / HTTP/1.1" 200 -
::1 - - [09/Jun/2026 09:37:15] "GET /assets/images/templates/revenue_report.png HTTP/1.1" 304 -
::1 - - [09/Jun/2026 09:37:16] "GET /assets/images/templates/employee_payroll.png HTTP/1.1" 304 -
::1 - - [09/Jun/2026 09:37:16] "GET /assets/images/templates/project_plan.png HTTP/1.1" 304 -
::1 - - [09/Jun/2026 09:37:16] "GET /assets/images/templates/inventory_management.png HTTP/1.1" 304 -
::1 - - [09/Jun/2026 09:37:16] "GET /assets/images/templates/expense_report.png HTTP/1.1" 304 -
::1 - - [09/Jun/2026 09:37:16] "GET /assets/images/templates/crm_customer.png HTTP/1.1" 304 -
::1 - - [09/Jun/2026 10:05:13] "GET / HTTP/1.1" 200 -
::1 - - [09/Jun/2026 10:05:13] code 404, message File not found
::1 - - [09/Jun/2026 10:05:13] "GET /assets/images/logo.png HTTP/1.1" 404 -
::1 - - [09/Jun/2026 10:13:31] "GET / HTTP/1.1" 200 -
::1 - - [09/Jun/2026 10:13:31] code 404, message File not found
::1 - - [09/Jun/2026 10:13:31] "GET /assets/images/logo.png HTTP/1.1" 404 -
::1 - - [09/Jun/2026 10:13:33] "GET / HTTP/1.1" 304 -
::1 - - [09/Jun/2026 10:13:33] code 404, message File not found
::1 - - [09/Jun/2026 10:13:33] "GET /assets/images/logo.png HTTP/1.1" 404 -
::1 - - [09/Jun/2026 10:21:27] "GET / HTTP/1.1" 200 -
::1 - - [09/Jun/2026 10:25:33] "GET / HTTP/1.1" 200 -
::1 - - [09/Jun/2026 10:25:33] code 404, message File not found
::1 - - [09/Jun/2026 10:25:33] "GET /assets/images/logo.png HTTP/1.1" 404 -
::1 - - [09/Jun/2026 10:38:41] "GET / HTTP/1.1" 304 -
::1 - - [09/Jun/2026 10:38:41] code 404, message File not found
::1 - - [09/Jun/2026 10:38:41] "GET /assets/images/logo.png HTTP/1.1" 404 -
::1 - - [09/Jun/2026 10:41:35] "GET / HTTP/1.1" 304 -
::1 - - [09/Jun/2026 10:41:35] code 404, message File not found
::1 - - [09/Jun/2026 10:41:35] "GET /assets/images/logo.png HTTP/1.1" 404 -
::1 - - [09/Jun/2026 10:56:52] "GET / HTTP/1.1" 304 -
::1 - - [09/Jun/2026 10:56:52] code 404, message File not found
::1 - - [09/Jun/2026 10:56:52] "GET /assets/images/logo.png HTTP/1.1" 404 -
::1 - - [09/Jun/2026 10:56:52] "GET /app.js HTTP/1.1" 200 -
::ffff:127.0.0.1 - - [09/Jun/2026 11:01:47] "GET / HTTP/1.1" 200 -
::1 - - [09/Jun/2026 11:02:01] "GET / HTTP/1.1" 200 -
::1 - - [09/Jun/2026 11:02:02] "GET /styles.css HTTP/1.1" 200 -
::1 - - [09/Jun/2026 11:02:02] code 404, message File not found
::1 - - [09/Jun/2026 11:02:02] "GET /assets/images/logo.png HTTP/1.1" 404 -
::1 - - [09/Jun/2026 11:02:02] "GET /app.js HTTP/1.1" 304 -
::1 - - [09/Jun/2026 11:02:02] "GET /services/templateService.js HTTP/1.1" 304 -
::1 - - [09/Jun/2026 11:02:02] "GET /services/documentBuilderService.js HTTP/1.1" 304 -
::1 - - [09/Jun/2026 11:02:02] "GET /services/tableBuilderService.js HTTP/1.1" 304 -
::ffff:127.0.0.1 - - [09/Jun/2026 11:05:22] "GET / HTTP/1.1" 200 -
::ffff:127.0.0.1 - - [09/Jun/2026 11:15:06] "GET / HTTP/1.1" 200 -
::1 - - [09/Jun/2026 11:16:06] "GET / HTTP/1.1" 200 -
::1 - - [09/Jun/2026 11:16:07] "GET /styles.css HTTP/1.1" 200 -
::1 - - [09/Jun/2026 11:16:07] code 404, message File not found
::1 - - [09/Jun/2026 11:16:07] "GET /app.js HTTP/1.1" 200 -
::1 - - [09/Jun/2026 11:16:07] "GET /assets/images/logo.png HTTP/1.1" 404 -
::1 - - [09/Jun/2026 11:16:07] "GET /services/fileService.js HTTP/1.1" 304 -
::1 - - [09/Jun/2026 11:21:11] "GET /assets/images/templates/inventory_management.png HTTP/1.1" 304 -
::1 - - [09/Jun/2026 11:21:11] "GET /assets/images/templates/project_plan.png HTTP/1.1" 304 -
::1 - - [09/Jun/2026 11:21:11] "GET /assets/images/templates/employee_payroll.png HTTP/1.1" 304 -
::1 - - [09/Jun/2026 11:21:11] "GET /assets/images/templates/revenue_report.png HTTP/1.1" 304 -
::1 - - [09/Jun/2026 11:21:11] "GET /assets/images/templates/crm_customer.png HTTP/1.1" 304 -
::1 - - [09/Jun/2026 11:21:11] "GET /assets/images/templates/expense_report.png HTTP/1.1" 304 -
::1 - - [09/Jun/2026 13:38:41] "GET / HTTP/1.1" 200 -
::1 - - [09/Jun/2026 13:38:41] code 404, message File not found
::1 - - [09/Jun/2026 13:38:41] "GET /assets/images/logo.png HTTP/1.1" 404 -
::1 - - [09/Jun/2026 13:38:41] "GET /styles.css HTTP/1.1" 200 -
::1 - - [09/Jun/2026 13:38:41] "GET /app.js HTTP/1.1" 200 -
::1 - - [09/Jun/2026 13:38:42] "GET /services/fileService.js HTTP/1.1" 304 -
::1 - - [09/Jun/2026 13:38:42] "GET /services/billingService.js HTTP/1.1" 304 -
::1 - - [09/Jun/2026 13:38:42] "GET /services/adminService.js HTTP/1.1" 304 -
::1 - - [09/Jun/2026 13:38:42] "GET /services/tableBuilderService.js HTTP/1.1" 304 -
::1 - - [09/Jun/2026 13:38:42] "GET /services/documentBuilderService.js HTTP/1.1" 304 -
::1 - - [09/Jun/2026 13:38:42] "GET /services/templateService.js HTTP/1.1" 304 -
::1 - - [09/Jun/2026 13:39:17] "GET /assets/images/templates/revenue_report.png HTTP/1.1" 304 -
::1 - - [09/Jun/2026 13:39:17] "GET /assets/images/templates/employee_payroll.png HTTP/1.1" 304 -
::1 - - [09/Jun/2026 13:39:17] "GET /assets/images/templates/inventory_management.png HTTP/1.1" 304 -
::1 - - [09/Jun/2026 13:39:17] "GET /assets/images/templates/expense_report.png HTTP/1.1" 304 -
::1 - - [09/Jun/2026 13:39:17] "GET /assets/images/templates/project_plan.png HTTP/1.1" 304 -
::1 - - [09/Jun/2026 13:39:17] "GET /assets/images/templates/crm_customer.png HTTP/1.1" 304 -
::ffff:127.0.0.1 - - [09/Jun/2026 13:43:18] "GET / HTTP/1.1" 200 -
::ffff:127.0.0.1 - - [09/Jun/2026 13:43:58] "GET / HTTP/1.1" 200 -
::ffff:127.0.0.1 - - [09/Jun/2026 15:19:53] "GET / HTTP/1.1" 200 -
::ffff:127.0.0.1 - - [09/Jun/2026 15:20:48] "GET / HTTP/1.1" 200 -
::ffff:127.0.0.1 - - [09/Jun/2026 15:21:22] "GET / HTTP/1.1" 200 -
::1 - - [09/Jun/2026 15:26:57] "GET / HTTP/1.1" 200 -
::1 - - [09/Jun/2026 15:26:57] "GET /styles.css HTTP/1.1" 200 -
::1 - - [09/Jun/2026 15:26:57] code 404, message File not found
::1 - - [09/Jun/2026 15:26:57] "GET /app.js HTTP/1.1" 200 -
::1 - - [09/Jun/2026 15:26:57] "GET /assets/images/logo.png HTTP/1.1" 404 -
::1 - - [09/Jun/2026 15:26:57] "GET /services/authService.js HTTP/1.1" 304 -
::1 - - [09/Jun/2026 15:26:57] "GET /services/exportService.js HTTP/1.1" 304 -
::1 - - [09/Jun/2026 15:26:57] "GET /services/config.js HTTP/1.1" 304 -
::1 - - [09/Jun/2026 15:26:59] "GET / HTTP/1.1" 304 -
::1 - - [09/Jun/2026 15:26:59] code 404, message File not found
::1 - - [09/Jun/2026 15:26:59] "GET /assets/images/logo.png HTTP/1.1" 404 -
::ffff:127.0.0.1 - - [09/Jun/2026 15:31:23] "GET / HTTP/1.1" 200 -
::1 - - [09/Jun/2026 15:40:23] "GET / HTTP/1.1" 200 -
::1 - - [09/Jun/2026 15:40:23] "GET /styles.css HTTP/1.1" 304 -
::1 - - [09/Jun/2026 15:40:23] code 404, message File not found
::1 - - [09/Jun/2026 15:40:23] "GET /app.js HTTP/1.1" 200 -
::1 - - [09/Jun/2026 15:40:23] "GET /assets/images/logo.png HTTP/1.1" 404 -
::1 - - [09/Jun/2026 15:44:42] "GET / HTTP/1.1" 304 -
::1 - - [09/Jun/2026 15:44:42] "GET /styles.css HTTP/1.1" 304 -
::1 - - [09/Jun/2026 15:44:42] code 404, message File not found
::1 - - [09/Jun/2026 15:44:42] "GET /assets/images/logo.png HTTP/1.1" 404 -
::1 - - [09/Jun/2026 15:44:42] "GET /app.js HTTP/1.1" 304 -
::1 - - [09/Jun/2026 15:44:42] "GET /services/tableBuilderService.js HTTP/1.1" 304 -
::1 - - [09/Jun/2026 15:44:42] "GET /services/documentBuilderService.js HTTP/1.1" 304 -
::1 - - [09/Jun/2026 15:44:42] "GET /services/templateService.js HTTP/1.1" 304 -
::ffff:127.0.0.1 - - [09/Jun/2026 15:48:18] "GET / HTTP/1.1" 200 -
::ffff:127.0.0.1 - - [09/Jun/2026 15:49:10] "GET / HTTP/1.1" 200 -
::ffff:127.0.0.1 - - [09/Jun/2026 15:53:41] "GET / HTTP/1.1" 200 -
::1 - - [09/Jun/2026 16:40:44] "GET / HTTP/1.1" 304 -
::1 - - [09/Jun/2026 16:40:44] "GET /styles.css HTTP/1.1" 304 -
::1 - - [09/Jun/2026 16:40:44] code 404, message File not found
::1 - - [09/Jun/2026 16:40:44] "GET /app.js HTTP/1.1" 200 -
::1 - - [09/Jun/2026 16:40:44] "GET /assets/images/logo.png HTTP/1.1" 404 -
::1 - - [09/Jun/2026 16:40:44] "GET /services/fileService.js HTTP/1.1" 304 -
::1 - - [09/Jun/2026 16:40:45] "GET /services/adminService.js HTTP/1.1" 200 -
